# JRE version: Java(TM) SE Runtime Environment (11.0.1+13) (build 11.0.1+13-LTS)
# Java VM: Java HotSpot(TM) 64-Bit Server VM (11.0.1+13-LTS, mixed mode, tiered, compressed oops, g1 gc, windows-amd64)
Heap:
 garbage-first heap   total 78848K, used 8052K [0x00000000c1800000, 0x0000000100000000)
  region size 1024K, 3 young (3072K), 3 survivors (3072K)
 Metaspace       used 20847K, capacity 21161K, committed 21296K, reserved 1069056K
  class space    used 2230K, capacity 2355K, committed 2432K, reserved 1048576K
GC Heap History (9 events):
Event: 0.666 GC heap before
{Heap before GC invocations=0 (full 0):
 garbage-first heap   total 65536K, used 13312K [0x00000000c1800000, 0x0000000100000000)
  region size 1024K, 14 young (14336K), 0 survivors (0K)
 Metaspace       used 11223K, capacity 11494K, committed 11776K, reserved 1060864K
  class space    used 1107K, capacity 1193K, committed 1280K, reserved 1048576K
}
Event: 0.673 GC heap after
{Heap after GC invocations=1 (full 0):
 garbage-first heap   total 65536K, used 3020K [0x00000000c1800000, 0x0000000100000000)
  region size 1024K, 2 young (2048K), 2 survivors (2048K)
 Metaspace       used 11223K, capacity 11494K, committed 11776K, reserved 1060864K
  class space    used 1107K, capacity 1193K, committed 1280K, reserved 1048576K
}
Event: 0.987 GC heap before
{Heap before GC invocations=1 (full 0):
 garbage-first heap   total 65536K, used 18380K [0x00000000c1800000, 0x0000000100000000)
  region size 1024K, 17 young (17408K), 2 survivors (2048K)
 Metaspace       used 12978K, capacity 13263K, committed 13568K, reserved 1060864K
  class space    used 1350K, capacity 1420K, committed 1536K, reserved 1048576K
}
Event: 0.992 GC heap after
{Heap after GC invocations=2 (full 0):
 garbage-first heap   total 65536K, used 3691K [0x00000000c1800000, 0x0000000100000000)
  region size 1024K, 1 young (1024K), 1 survivors (1024K)
 Metaspace       used 12978K, capacity 13263K, committed 13568K, reserved 1060864K
  class space    used 1350K, capacity 1420K, committed 1536K, reserved 1048576K
}
Event: 1.635 GC heap before
{Heap before GC invocations=2 (full 0):
 garbage-first heap   total 65536K, used 27243K [0x00000000c1800000, 0x0000000100000000)
  region size 1024K, 24 young (24576K), 1 survivors (1024K)
 Metaspace       used 17185K, capacity 17515K, committed 17664K, reserved 1064960K
  class space    used 1875K, capacity 1982K, committed 2048K, reserved 1048576K
}
Event: 1.641 GC heap after
{Heap after GC invocations=3 (full 0):
 garbage-first heap   total 65536K, used 5175K [0x00000000c1800000, 0x0000000100000000)
  region size 1024K, 3 young (3072K), 3 survivors (3072K)
 Metaspace       used 17185K, capacity 17515K, committed 17664K, reserved 1064960K
  class space    used 1875K, capacity 1982K, committed 2048K, reserved 1048576K
}
Event: 2.824 GC heap before
{Heap before GC invocations=3 (full 0):
 garbage-first heap   total 65536K, used 33847K [0x00000000c1800000, 0x0000000100000000)
  region size 1024K, 31 young (31744K), 3 survivors (3072K)
 Metaspace       used 20784K, capacity 21161K, committed 21296K, reserved 1069056K
  class space    used 2230K, capacity 2355K, committed 2432K, reserved 1048576K
}
Event: 2.841 GC heap after
{Heap after GC invocations=4 (full 0):
 garbage-first heap   total 65536K, used 7438K [0x00000000c1800000, 0x0000000100000000)
  region size 1024K, 4 young (4096K), 4 survivors (4096K)
 Metaspace       used 20784K, capacity 21161K, committed 21296K, reserved 1069056K
  class space    used 2230K, capacity 2355K, committed 2432K, reserved 1048576K
}
Event: 2.974 GC heap before
{Heap before GC invocations=4 (full 0):
 garbage-first heap   total 65536K, used 11534K [0x00000000c1800000, 0x0000000100000000)
  region size 1024K, 9 young (9216K), 4 survivors (4096K)
 Metaspace       used 20847K, capacity 21161K, committed 21296K, reserved 1069056K
  class space    used 2230K, capacity 2355K, committed 2432K, reserved 1048576K
}

