# JRE version: Java(TM) SE Runtime Environment (11.0.1+13) (build 11.0.1+13-LTS)
# Java VM: Java HotSpot(TM) 64-Bit Server VM (11.0.1+13-LTS, mixed mode, tiered, compressed oops, g1 gc, windows-amd64)
Heap:
 garbage-first heap   total 78848K, used 36293K [0x00000000c1800000, 0x0000000100000000)
  region size 1024K, 29 young (29696K), 2 survivors (2048K)
 Metaspace       used 22598K, capacity 23037K, committed 23216K, reserved 1071104K
  class space    used 2369K, capacity 2534K, committed 2560K, reserved 1048576K
GC Heap History (10 events):
Event: 1.022 GC heap before
{Heap before GC invocations=1 (full 0):
 garbage-first heap   total 65536K, used 18382K [0x00000000c1800000, 0x0000000100000000)
  region size 1024K, 17 young (17408K), 2 survivors (2048K)
 Metaspace       used 13021K, capacity 13295K, committed 13568K, reserved 1060864K
  class space    used 1355K, capacity 1452K, committed 1536K, reserved 1048576K
}
Event: 1.027 GC heap after
{Heap after GC invocations=2 (full 0):
 garbage-first heap   total 65536K, used 3607K [0x00000000c1800000, 0x0000000100000000)
  region size 1024K, 1 young (1024K), 1 survivors (1024K)
 Metaspace       used 13021K, capacity 13295K, committed 13568K, reserved 1060864K
  class space    used 1355K, capacity 1452K, committed 1536K, reserved 1048576K
}
Event: 1.556 GC heap before
{Heap before GC invocations=2 (full 0):
 garbage-first heap   total 65536K, used 27159K [0x00000000c1800000, 0x0000000100000000)
  region size 1024K, 24 young (24576K), 1 survivors (1024K)
 Metaspace       used 17222K, capacity 17579K, committed 17664K, reserved 1064960K
  class space    used 1877K, capacity 1982K, committed 2048K, reserved 1048576K
}
Event: 1.561 GC heap after
{Heap after GC invocations=3 (full 0):
 garbage-first heap   total 65536K, used 5151K [0x00000000c1800000, 0x0000000100000000)
  region size 1024K, 3 young (3072K), 3 survivors (3072K)
 Metaspace       used 17222K, capacity 17579K, committed 17664K, reserved 1064960K
  class space    used 1877K, capacity 1982K, committed 2048K, reserved 1048576K
}
Event: 2.447 GC heap before
{Heap before GC invocations=3 (full 0):
 garbage-first heap   total 65536K, used 33823K [0x00000000c1800000, 0x0000000100000000)
  region size 1024K, 31 young (31744K), 3 survivors (3072K)
 Metaspace       used 20760K, capacity 21161K, committed 21296K, reserved 1069056K
  class space    used 2230K, capacity 2355K, committed 2432K, reserved 1048576K
}
Event: 2.462 GC heap after
{Heap after GC invocations=4 (full 0):
 garbage-first heap   total 65536K, used 7480K [0x00000000c1800000, 0x0000000100000000)
  region size 1024K, 4 young (4096K), 4 survivors (4096K)
 Metaspace       used 20760K, capacity 21161K, committed 21296K, reserved 1069056K
  class space    used 2230K, capacity 2355K, committed 2432K, reserved 1048576K
}
Event: 2.621 GC heap before
{Heap before GC invocations=4 (full 0):
 garbage-first heap   total 65536K, used 14648K [0x00000000c1800000, 0x0000000100000000)
  region size 1024K, 12 young (12288K), 4 survivors (4096K)
 Metaspace       used 20845K, capacity 21161K, committed 21296K, reserved 1069056K
  class space    used 2230K, capacity 2355K, committed 2432K, reserved 1048576K
}
Event: 2.640 GC heap after
{Heap after GC invocations=5 (full 0):
 garbage-first heap   total 78848K, used 8398K [0x00000000c1800000, 0x0000000100000000)
  region size 1024K, 3 young (3072K), 3 survivors (3072K)
 Metaspace       used 20845K, capacity 21161K, committed 21296K, reserved 1069056K
  class space    used 2230K, capacity 2355K, committed 2432K, reserved 1048576K
}
Event: 3.337 GC heap before
{Heap before GC invocations=6 (full 0):
 garbage-first heap   total 78848K, used 38094K [0x00000000c1800000, 0x0000000100000000)
  region size 1024K, 32 young (32768K), 3 survivors (3072K)
 Metaspace       used 21341K, capacity 21694K, committed 21808K, reserved 1069056K
  class space    used 2247K, capacity 2360K, committed 2432K, reserved 1048576K
}
Event: 3.346 GC heap after
{Heap after GC invocations=7 (full 0):
 garbage-first heap   total 78848K, used 9669K [0x00000000c1800000, 0x0000000100000000)
  region size 1024K, 2 young (2048K), 2 survivors (2048K)
 Metaspace       used 21341K, capacity 21694K, committed 21808K, reserved 1069056K
  class space    used 2247K, capacity 2360K, committed 2432K, reserved 1048576K
}

