# JRE version: Java(TM) SE Runtime Environment (11.0.1+13) (build 11.0.1+13-LTS)
# Java VM: Java HotSpot(TM) 64-Bit Server VM (11.0.1+13-LTS, mixed mode, tiered, compressed oops, g1 gc, windows-amd64)
Heap:
 garbage-first heap   total 65536K, used 27979K [0x00000000c1800000, 0x0000000100000000)
  region size 1024K, 26 young (26624K), 5 survivors (5120K)
 Metaspace       used 20404K, capacity 20784K, committed 21120K, reserved 1069056K
  class space    used 2169K, capacity 2312K, committed 2432K, reserved 1048576K
GC Heap History (6 events):
Event: 3.253 GC heap before
{Heap before GC invocations=0 (full 0):
 garbage-first heap   total 65536K, used 14336K [0x00000000c1800000, 0x0000000100000000)
  region size 1024K, 14 young (14336K), 0 survivors (0K)
 Metaspace       used 10972K, capacity 11245K, committed 11392K, reserved 1058816K
  class space    used 1090K, capacity 1152K, committed 1152K, reserved 1048576K
}
Event: 3.326 GC heap after
{Heap after GC invocations=1 (full 0):
 garbage-first heap   total 65536K, used 3032K [0x00000000c1800000, 0x0000000100000000)
  region size 1024K, 2 young (2048K), 2 survivors (2048K)
 Metaspace       used 10972K, capacity 11245K, committed 11392K, reserved 1058816K
  class space    used 1090K, capacity 1152K, committed 1152K, reserved 1048576K
}
Event: 5.809 GC heap before
{Heap before GC invocations=1 (full 0):
 garbage-first heap   total 65536K, used 39896K [0x00000000c1800000, 0x0000000100000000)
  region size 1024K, 38 young (38912K), 2 survivors (2048K)
 Metaspace       used 16420K, capacity 16711K, committed 16768K, reserved 1064960K
  class space    used 1796K, capacity 1904K, committed 1920K, reserved 1048576K
}
Event: 5.825 GC heap after
{Heap after GC invocations=2 (full 0):
 garbage-first heap   total 65536K, used 4696K [0x00000000c1800000, 0x0000000100000000)
  region size 1024K, 4 young (4096K), 4 survivors (4096K)
 Metaspace       used 16420K, capacity 16711K, committed 16768K, reserved 1064960K
  class space    used 1796K, capacity 1904K, committed 1920K, reserved 1048576K
}
Event: 15.741 GC heap before
{Heap before GC invocations=2 (full 0):
 garbage-first heap   total 65536K, used 39512K [0x00000000c1800000, 0x0000000100000000)
  region size 1024K, 38 young (38912K), 4 survivors (4096K)
 Metaspace       used 20184K, capacity 20581K, committed 20864K, reserved 1067008K
  class space    used 2165K, capacity 2309K, committed 2432K, reserved 1048576K
}
Event: 15.769 GC heap after
{Heap after GC invocations=3 (full 0):
 garbage-first heap   total 65536K, used 7499K [0x00000000c1800000, 0x0000000100000000)
  region size 1024K, 5 young (5120K), 5 survivors (5120K)
 Metaspace       used 20184K, capacity 20581K, committed 20864K, reserved 1067008K
  class space    used 2165K, capacity 2309K, committed 2432K, reserved 1048576K
}

